[(B[m..........................................[34m[7mf[34m[7m.....[33m[7md[33m[7m[35m[7mn[35m[7m.[31m[7mi[31m[7m[36m[7mc[36m[7m............................[34m[7mr(B[m..................(B[m]-(     1161800000) 0x000101e4.0 c_addi sp, -32            [   2062722]
[(B[m..........................................[34m[7mf[34m[7m.....[33m[7md[33m[7m[35m[7mn[35m[7m.[32m[7mp[32m[7m[31m[7mi[31m[7m[36m[7mc[36m[7m...........................[34m[7mr[34m[7m...[33m[7ms(B[m..............(B[m]-(     1161800000) 0x000101e6.0 c_sdsp ra, 24(sp)         [   2062723]
[(B[m..........................................[34m[7mf[34m[7m......[33m[7md[33m[7m[35m[7mn[35m[7m.[31m[7mi[31m[7m[36m[7mc[36m[7m...........................[34m[7mr[34m[7m...[33m[7ms(B[m..............(B[m]-(     1161800000) 0x000101e8.0 c_sdsp s0, 16(sp)         [   2062724]
[(B[m..........................................[34m[7mf[34m[7m......[33m[7md[33m[7m[35m[7mn[35m[7m.[31m[7mi[31m[7m[36m[7mc[36m[7m...........................[34m[7mr(B[m..................(B[m]-(     1161800000) 0x000101ea.0 c_addi4spn s0, sp, 32     [   2062725]
[(B[m..........................................[34m[7mf[34m[7m......[33m[7md[33m[7m[35m[7mn[35m[7m.[32m[7mp[32m[7m..........................[31m[7mi[31m[7m[36m[7mc[36m[7m.[34m[7mr[34m[7m...[33m[7ms(B[m.............(B[m]-(     1161800000) 0x000101ec.0 sd a0, -24(s0)            [   2062726]
[[36m[7m.....................[34m[7mr(B[m....................[34m[7mf[34m[7m......[33m[7md[33m[7m[35m[7mn[35m[7m.[31m[7mi[31m[7m[36m[7mc[36m[7m..............................................(B[m]-(     1161800000) 0x000101f0.0 lw a5, -1824(gp)          [   2062727]
[[32m[7m...................[31m[7mi[31m[7m[36m[7mc[36m[7m.[34m[7mr(B[m...................[34m[7mf[34m[7m......[33m[7md[33m[7m[35m[7mn[35m[7m.[32m[7mp[32m[7m...............................................(B[m]-(     1161800000) 0x000101f4.0 c_slli a5, 32             [   2062728]
[[32m[7m....................[31m[7mi[31m[7m[36m[7mc[36m[7m.................[34m[7mr(B[m..[34m[7mf[34m[7m......[33m[7md[33m[7m[35m[7mn[35m[7m.[32m[7mp[32m[7m...............................................(B[m]-(     1161800000) 0x000101f6.0 c_srli a5, 32             [   2062729]
[[36m[7m.......................................[34m[7mr(B[m...[34m[7mf[34m[7m.....[33m[7md[33m[7m[35m[7mn[35m[7m.[32m[7mp[32m[7m...........................[31m[7mi[31m[7m[36m[7mc[36m[7m..................(B[m]-(     1161800000) 0x000101f8.0 ld a4, -24(s0)            [   2062730]
[[32m[7m.....................[31m[7mi[31m[7m[36m[7mc[36m[7m................[34m[7mr(B[m...[34m[7mf[34m[7m.....[33m[7md[33m[7m[35m[7mn[35m[7m.[32m[7mp[32m[7m...............................................(B[m]-(     1161800000) 0x000101fc.0 bgeu a4, a5, 58           [   2062731]
[(B[m==============================================[34m[7mf[34m[7m===[33m[7md[33m[7m[35m[7mn[35m[7m=[31m[7mi[31m[7m[36m[7mc(B[m=============================================(B[m]-(     1161800000) 0x00010200.0 -----lui a5, 39           [   2062732]
[(B[m==============================================[34m[7mf[34m[7m===[33m[7md[33m[7m[35m[7mn[35m[7m=[32m[7mp[32m[7m[31m[7mi[31m[7m[36m[7mc(B[m============================================(B[m]-(     1161800000) 0x00010204.0 -----addi a4, a5, 1120    [   2062733]
[(B[m==============================================[34m[7mf[34m[7m===[33m[7md[33m[7m[35m[7mn[35m[7m=[32m[7mp[32m[7m==========================[31m[7mi[31m[7m[36m[7mc(B[m==================(B[m]-(     1161800000) 0x00010208.0 -----ld a5, -24(s0)       [   2062734]
[(B[m==============================================[34m[7mf[34m[7m===[33m[7md[33m[7m[35m[7mn[35m[7m=[32m[7mp[32m[7m============================[31m[7mi[31m[7m[36m[7mc(B[m================(B[m]-(     1161800000) 0x0001020c.0 -----c_add a5, a4         [   2062735]
[(B[m==============================================[34m[7mf[34m[7m===[33m[7md[33m[7m[35m[7mn[35m[7m=[32m[7mp[32m[7m=============================[31m[7mi[31m[7m[36m[7mc(B[m===============(B[m]-(     1161800000) 0x0001020e.0 -----lbu a5, 0(a5)        [   2062736]
[(B[m==============================================[34m[7mf[34m[7m===[33m[7md[33m[7m[35m[7mn[35m[7m=[32m[7mp[32m[7m================================[31m[7mi[31m[7m[36m[7mc(B[m============(B[m]-(     1161800000) 0x00010212.0 -----c_addiw a5, 0        [   2062737]
[(B[m==============================================[34m[7mf[34m[7m===[33m[7md[33m[7m[35m[7mn[35m[7m=[32m[7mp[32m[7m=================================[31m[7mi[31m[7m[36m[7mc(B[m===========(B[m]-(     1161800000) 0x00010214.0 -----slliw a5, a5, 9      [   2062738]
[(B[m==============================================[34m[7mf[34m[7m===[33m[7md[33m[7m[35m[7mn[35m[7m=[32m[7mp[32m[7m==================================[31m[7mi[31m[7m[36m[7mc(B[m==========(B[m]-(     1161800000) 0x00010218.0 -----c_addiw a5, 0        [   2062739]
[(B[m===============================================[34m[7mf[34m[7m===[33m[7md[33m[7m[35m[7mn[35m[7m=[31m[7mi[31m[7m[36m[7mc(B[m============================================(B[m]-(     1161800000) 0x0001021a.0 -----lui a4, 40           [   2062740]
[(B[m===============================================[34m[7mf[34m[7m===[33m[7md[33m[7m[35m[7mn[35m[7m=[32m[7mp[32m[7m[31m[7mi[31m[7m[36m[7mc(B[m===========================================(B[m]-(     1161800000) 0x0001021e.0 -----addi a4, a4, 592     [   2062741]
[(B[m===============================================[34m[7mf[34m[7m===[33m[7md[33m[7m[35m[7mn[35m[7m=[32m[7mp[32m[7m==================================[31m[7mi[31m[7m[36m[7mc(B[m=========(B[m]-(     1161800000) 0x00010222.0 -----c_add a5, a4         [   2062742]
[(B[m===============================================[34m[7mf[34m[7m===[33m[7md[33m[7m[35m[7mn[35m[7m=[32m[7mp[32m[7m===================================[31m[7mi[31m[7m[36m[7mc(B[m========(B[m]-(     1161800000) 0x00010224.0 -----lbu a4, 0(a5)        [   2062743]
[(B[m===============================================[34m[7mf[34m[7m===[33m[7md[33m[7m[35m[7mn[35m[7m=[31m[7mi[31m[7m[36m[7mc(B[m============================================(B[m]-(     1161800000) 0x00010228.0 -----lbu a5, -1776(gp)    [   2062744]
[(B[m===============================================[34m[7mf[34m[7m===[33m[7md[33m[7m[35m[7mn[35m[7m=[32m[7mp(B[m=============================================(B[m]-(     1161800000) 0x0001022c.0 -----c_and a5, a4         [   2062745]
[(B[m===============================================[34m[7mf[34m[7m===[33m[7md[33m[7m[35m[7mn[35m[7m=[32m[7mp(B[m=============================================(B[m]-(     1161800000) 0x0001022e.0 -----andi a4, a5, 255     [   2062746]
[(B[m===============================================[34m[7mf[34m[7m===[33m[7md[33m[7m[35m[7mn[35m[7m=[32m[7mp(B[m=============================================(B[m]-(     1161800000) 0x00010232.0 -----sb a4, -1776(gp)     [   2062747]
[(B[m================================================[34m[7mf[34m[7m===[33m[7md[33m[7m[35m[7mn[35m[7m=[31m[7mi[31m[7m[36m[7mc(B[m===========================================(B[m]-(     1161800000) 0x00010236.0 -----c_addi zero, 0       [   2062748]
[(B[m================================================[34m[7mf[34m[7m===[33m[7md[33m[7m[35m[7mn[35m[7m=[31m[7mi[31m[7m[36m[7mc(B[m===========================================(B[m]-(     1161800000) 0x00010238.0 -----c_ldsp ra, 24(sp)    [   2062749]
[(B[m================================================[34m[7mf[34m[7m===[33m[7md[33m[7m[35m[7mn[35m[7m=[31m[7mi[31m[7m[36m[7mc(B[m===========================================(B[m]-(     1161800000) 0x0001023a.0 -----c_ldsp s0, 16(sp)    [   2062750]
[(B[m================================================[34m[7mf[34m[7m===[33m[7md[33m[7m[35m[7mn[35m[7m=[31m[7mi[31m[7m[36m[7mc(B[m===========================================(B[m]-(     1161800000) 0x0001023c.0 -----c_addi16sp sp, 32    [   2062751]
[(B[m================================================[34m[7mf[34m[7m===[33m[7md[33m[7m[35m[7mn[35m[7m=[32m[7mp[32m[7m=[31m[7mi[31m[7m[36m[7mc(B[m=========================================(B[m]-(     1161800000) 0x0001023e.0 -----c_jr ra              [   2062752]
[(B[m==================================================[34m[7mf[34m[7m=[33m[7md[33m[7m[35m[7mn[35m[7m=[32m[7mp[32m[7m=[31m[7mi[31m[7m[36m[7mc(B[m=========================================(B[m]-(     1161800000) 0x000103da.0 -----lw a5, -60(s0)       [   2062753]
